This file contains any messages produced by compilers while
running configure, to aid debugging if configure makes a mistake.

It was created by glb configure 0.7.3, which was
generated by GNU Autoconf 2.61.  Invocation command line was

  $ ./configure 

## --------- ##
## Platform. ##
## --------- ##

hostname = timeline
uname -m = x86_64
uname -r = 2.6.31-13-generic
uname -s = Linux
uname -v = #45-Ubuntu SMP Tue Oct 13 02:07:24 UTC 2009

/usr/bin/uname -p = unknown
/bin/uname -X     = unknown

/bin/arch              = unknown
/usr/bin/arch -k       = unknown
/usr/convex/getsysinfo = unknown
/usr/bin/hostinfo      = unknown
/bin/machine           = unknown
/usr/bin/oslevel       = unknown
/bin/universe          = unknown

PATH: /usr/local/sbin
PATH: /usr/local/bin
PATH: /usr/sbin
PATH: /usr/bin
PATH: /sbin
PATH: /bin
PATH: /usr/games


## ----------- ##
## Core tests. ##
## ----------- ##

configure:1807: checking build system type
configure:1825: result: x86_64-unknown-linux-gnu
configure:1847: checking host system type
configure:1862: result: x86_64-unknown-linux-gnu
configure:1884: checking target system type
configure:1899: result: x86_64-unknown-linux-gnu
configure:1943: checking for a BSD-compatible install
configure:1999: result: /usr/bin/install -c
configure:2010: checking whether build environment is sane
configure:2053: result: yes
configure:2081: checking for a thread-safe mkdir -p
configure:2120: result: /bin/mkdir -p
configure:2133: checking for gawk
configure:2149: found /usr/bin/gawk
configure:2160: result: gawk
configure:2171: checking whether make sets $(MAKE)
configure:2192: result: yes
configure:2518: checking for g++
configure:2534: found /usr/bin/g++
configure:2545: result: g++
configure:2576: checking for C++ compiler version
configure:2583: g++ --version >&5
g++ (Ubuntu 4.4.1-4ubuntu8) 4.4.1
Copyright (C) 2009 Free Software Foundation, Inc.
This is free software; see the source for copying conditions.  There is NO
warranty; not even for MERCHANTABILITY or FITNESS FOR A PARTICULAR PURPOSE.

configure:2586: $? = 0
configure:2593: g++ -v >&5
Using built-in specs.
Target: x86_64-linux-gnu
Configured with: ../src/configure -v --with-pkgversion='Ubuntu 4.4.1-4ubuntu8' --with-bugurl=file:///usr/share/doc/gcc-4.4/README.Bugs --enable-languages=c,c++,fortran,objc,obj-c++ --prefix=/usr --enable-shared --enable-multiarch --enable-linker-build-id --with-system-zlib --libexecdir=/usr/lib --without-included-gettext --enable-threads=posix --with-gxx-include-dir=/usr/include/c++/4.4 --program-suffix=-4.4 --enable-nls --enable-clocale=gnu --enable-libstdcxx-debug --enable-objc-gc --disable-werror --with-arch-32=i486 --with-tune=generic --enable-checking=release --build=x86_64-linux-gnu --host=x86_64-linux-gnu --target=x86_64-linux-gnu
Thread model: posix
gcc version 4.4.1 (Ubuntu 4.4.1-4ubuntu8) 
configure:2596: $? = 0
configure:2603: g++ -V >&5
g++: '-V' option must have argument
configure:2606: $? = 1
configure:2629: checking for C++ compiler default output file name
configure:2656: g++    conftest.cpp  >&5
configure:2659: $? = 0
configure:2697: result: a.out
configure:2714: checking whether the C++ compiler works
configure:2724: ./a.out
configure:2727: $? = 0
configure:2744: result: yes
configure:2751: checking whether we are cross compiling
configure:2753: result: no
configure:2756: checking for suffix of executables
configure:2763: g++ -o conftest    conftest.cpp  >&5
configure:2766: $? = 0
configure:2790: result: 
configure:2796: checking for suffix of object files
configure:2822: g++ -c   conftest.cpp >&5
configure:2825: $? = 0
configure:2848: result: o
configure:2852: checking whether we are using the GNU C++ compiler
configure:2881: g++ -c   conftest.cpp >&5
configure:2887: $? = 0
configure:2904: result: yes
configure:2909: checking whether g++ accepts -g
configure:2939: g++ -c -g  conftest.cpp >&5
configure:2945: $? = 0
configure:3044: result: yes
configure:3078: checking for style of include used by make
configure:3106: result: GNU
configure:3131: checking dependency style of g++
configure:3222: result: gcc3
configure:3285: checking for gcc
configure:3301: found /usr/bin/gcc
configure:3312: result: gcc
configure:3550: checking for C compiler version
configure:3557: gcc --version >&5
gcc (Ubuntu 4.4.1-4ubuntu8) 4.4.1
Copyright (C) 2009 Free Software Foundation, Inc.
This is free software; see the source for copying conditions.  There is NO
warranty; not even for MERCHANTABILITY or FITNESS FOR A PARTICULAR PURPOSE.

configure:3560: $? = 0
configure:3567: gcc -v >&5
Using built-in specs.
Target: x86_64-linux-gnu
Configured with: ../src/configure -v --with-pkgversion='Ubuntu 4.4.1-4ubuntu8' --with-bugurl=file:///usr/share/doc/gcc-4.4/README.Bugs --enable-languages=c,c++,fortran,objc,obj-c++ --prefix=/usr --enable-shared --enable-multiarch --enable-linker-build-id --with-system-zlib --libexecdir=/usr/lib --without-included-gettext --enable-threads=posix --with-gxx-include-dir=/usr/include/c++/4.4 --program-suffix=-4.4 --enable-nls --enable-clocale=gnu --enable-libstdcxx-debug --enable-objc-gc --disable-werror --with-arch-32=i486 --with-tune=generic --enable-checking=release --build=x86_64-linux-gnu --host=x86_64-linux-gnu --target=x86_64-linux-gnu
Thread model: posix
gcc version 4.4.1 (Ubuntu 4.4.1-4ubuntu8) 
configure:3570: $? = 0
configure:3577: gcc -V >&5
gcc: '-V' option must have argument
configure:3580: $? = 1
configure:3583: checking whether we are using the GNU C compiler
configure:3612: gcc -c  -O3 -mtune=i686  -DNDEBUG   conftest.c >&5
configure:3618: $? = 0
configure:3635: result: yes
configure:3640: checking whether gcc accepts -g
configure:3670: gcc -c -g  conftest.c >&5
configure:3676: $? = 0
configure:3775: result: yes
configure:3792: checking for gcc option to accept ISO C89
configure:3866: gcc  -c  -O3 -mtune=i686  -DNDEBUG   conftest.c >&5
configure:3872: $? = 0
configure:3895: result: none needed
configure:3915: checking dependency style of gcc
configure:4006: result: gcc3
configure:4025: checking for pthread_testcancel in -lpthread
configure:4060: gcc -o conftest  -O3 -mtune=i686  -DNDEBUG    conftest.c -lpthread   >&5
configure:4066: $? = 0
configure:4084: result: yes
configure:4106: checking how to run the C preprocessor
configure:4146: gcc -E  conftest.c
configure:4152: $? = 0
configure:4183: gcc -E  conftest.c
conftest.c:11:28: error: ac_nonexistent.h: No such file or directory
configure:4189: $? = 1
configure: failed program was:
| /* confdefs.h.  */
| #define PACKAGE_NAME "glb"
| #define PACKAGE_TARNAME "glb"
| #define PACKAGE_VERSION "0.7.3"
| #define PACKAGE_STRING "glb 0.7.3"
| #define PACKAGE_BUGREPORT "info@codership.com"
| #define PACKAGE "glb"
| #define VERSION "0.7.3"
| #define HAVE_LIBPTHREAD 1
| /* end confdefs.h.  */
| #include <ac_nonexistent.h>
configure:4222: result: gcc -E
configure:4251: gcc -E  conftest.c
configure:4257: $? = 0
configure:4288: gcc -E  conftest.c
conftest.c:11:28: error: ac_nonexistent.h: No such file or directory
configure:4294: $? = 1
configure: failed program was:
| /* confdefs.h.  */
| #define PACKAGE_NAME "glb"
| #define PACKAGE_TARNAME "glb"
| #define PACKAGE_VERSION "0.7.3"
| #define PACKAGE_STRING "glb 0.7.3"
| #define PACKAGE_BUGREPORT "info@codership.com"
| #define PACKAGE "glb"
| #define VERSION "0.7.3"
| #define HAVE_LIBPTHREAD 1
| /* end confdefs.h.  */
| #include <ac_nonexistent.h>
configure:4332: checking for grep that handles long lines and -e
configure:4406: result: /bin/grep
configure:4411: checking for egrep
configure:4489: result: /bin/grep -E
configure:4494: checking for ANSI C header files
configure:4524: gcc -c  -O3 -mtune=i686  -DNDEBUG   conftest.c >&5
configure:4530: $? = 0
configure:4629: gcc -o conftest  -O3 -mtune=i686  -DNDEBUG    conftest.c -lpthread  >&5
configure:4632: $? = 0
configure:4638: ./conftest
configure:4641: $? = 0
configure:4658: result: yes
configure:4682: checking for sys/types.h
configure:4703: gcc -c  -O3 -mtune=i686  -DNDEBUG   conftest.c >&5
configure:4709: $? = 0
configure:4725: result: yes
configure:4682: checking for sys/stat.h
configure:4703: gcc -c  -O3 -mtune=i686  -DNDEBUG   conftest.c >&5
configure:4709: $? = 0
configure:4725: result: yes
configure:4682: checking for stdlib.h
configure:4703: gcc -c  -O3 -mtune=i686  -DNDEBUG   conftest.c >&5
configure:4709: $? = 0
configure:4725: result: yes
configure:4682: checking for string.h
configure:4703: gcc -c  -O3 -mtune=i686  -DNDEBUG   conftest.c >&5
configure:4709: $? = 0
configure:4725: result: yes
configure:4682: checking for memory.h
configure:4703: gcc -c  -O3 -mtune=i686  -DNDEBUG   conftest.c >&5
configure:4709: $? = 0
configure:4725: result: yes
configure:4682: checking for strings.h
configure:4703: gcc -c  -O3 -mtune=i686  -DNDEBUG   conftest.c >&5
configure:4709: $? = 0
configure:4725: result: yes
configure:4682: checking for inttypes.h
configure:4703: gcc -c  -O3 -mtune=i686  -DNDEBUG   conftest.c >&5
configure:4709: $? = 0
configure:4725: result: yes
configure:4682: checking for stdint.h
configure:4703: gcc -c  -O3 -mtune=i686  -DNDEBUG   conftest.c >&5
configure:4709: $? = 0
configure:4725: result: yes
configure:4682: checking for unistd.h
configure:4703: gcc -c  -O3 -mtune=i686  -DNDEBUG   conftest.c >&5
configure:4709: $? = 0
configure:4725: result: yes
configure:4744: checking for strings.h
configure:4750: result: yes
configure:4754: checking sys/time.h usability
configure:4771: gcc -c  -O3 -mtune=i686  -DNDEBUG   conftest.c >&5
configure:4777: $? = 0
configure:4791: result: yes
configure:4795: checking sys/time.h presence
configure:4810: gcc -E  conftest.c
configure:4816: $? = 0
configure:4830: result: yes
configure:4863: checking for sys/time.h
configure:4871: result: yes
configure:4744: checking for unistd.h
configure:4750: result: yes
configure:4886: checking for stdbool.h that conforms to C99
configure:4979: gcc -c  -O3 -mtune=i686  -DNDEBUG   conftest.c >&5
configure:4985: $? = 0
configure:5000: result: yes
configure:5002: checking for _Bool
configure:5032: gcc -c  -O3 -mtune=i686  -DNDEBUG   conftest.c >&5
configure:5038: $? = 0
configure:5053: result: yes
configure:5072: checking for an ANSI C-conforming const
configure:5147: gcc -c  -O3 -mtune=i686  -DNDEBUG   conftest.c >&5
configure:5153: $? = 0
configure:5168: result: yes
configure:5178: checking for inline
configure:5204: gcc -c  -O3 -mtune=i686  -DNDEBUG   conftest.c >&5
configure:5210: $? = 0
configure:5228: result: inline
configure:5247: checking for size_t
configure:5277: gcc -c  -O3 -mtune=i686  -DNDEBUG   conftest.c >&5
configure:5283: $? = 0
configure:5298: result: yes
configure:5310: checking whether time.h and sys/time.h may both be included
configure:5340: gcc -c  -O3 -mtune=i686  -DNDEBUG   conftest.c >&5
configure:5346: $? = 0
configure:5361: result: yes
configure:5371: checking for working volatile
configure:5400: gcc -c  -O3 -mtune=i686  -DNDEBUG   conftest.c >&5
configure:5406: $? = 0
configure:5421: result: yes
configure:5433: checking for error_at_line
configure:5459: gcc -o conftest  -O3 -mtune=i686  -DNDEBUG    conftest.c -lpthread  >&5
configure:5465: $? = 0
configure:5482: result: yes
configure:5498: checking for stdlib.h
configure:5504: result: yes
configure:5638: checking for GNU libc compatible malloc
configure:5672: gcc -o conftest  -O3 -mtune=i686  -DNDEBUG    conftest.c -lpthread  >&5
configure:5675: $? = 0
configure:5681: ./conftest
configure:5684: $? = 0
configure:5700: result: yes
configure:5728: checking for ANSI C header files
configure:5892: result: yes
configure:5907: checking for stdlib.h
configure:5913: result: yes
configure:6047: checking for GNU libc compatible realloc
configure:6081: gcc -o conftest  -O3 -mtune=i686  -DNDEBUG    conftest.c -lpthread  >&5
configure:6084: $? = 0
configure:6090: ./conftest
configure:6093: $? = 0
configure:6109: result: yes
configure:6146: checking for gettimeofday
configure:6202: gcc -o conftest  -O3 -mtune=i686  -DNDEBUG    conftest.c -lpthread  >&5
configure:6208: $? = 0
configure:6226: result: yes
configure:6146: checking for memset
configure:6202: gcc -o conftest  -O3 -mtune=i686  -DNDEBUG    conftest.c -lpthread  >&5
conftest.c:56: warning: conflicting types for built-in function 'memset'
configure:6208: $? = 0
configure:6226: result: yes
configure:6146: checking for strdup
configure:6202: gcc -o conftest  -O3 -mtune=i686  -DNDEBUG    conftest.c -lpthread  >&5
conftest.c:57: warning: conflicting types for built-in function 'strdup'
configure:6208: $? = 0
configure:6226: result: yes
configure:6146: checking for strcasecmp
configure:6202: gcc -o conftest  -O3 -mtune=i686  -DNDEBUG    conftest.c -lpthread  >&5
conftest.c:58: warning: conflicting types for built-in function 'strcasecmp'
configure:6208: $? = 0
configure:6226: result: yes
configure:6146: checking for strncasecmp
configure:6202: gcc -o conftest  -O3 -mtune=i686  -DNDEBUG    conftest.c -lpthread  >&5
conftest.c:59: warning: conflicting types for built-in function 'strncasecmp'
configure:6208: $? = 0
configure:6226: result: yes
configure:6146: checking for strtol
configure:6202: gcc -o conftest  -O3 -mtune=i686  -DNDEBUG    conftest.c -lpthread  >&5
configure:6208: $? = 0
configure:6226: result: yes
configure:6253: checking poll.h usability
configure:6270: gcc -c  -O3 -mtune=i686  -DNDEBUG   conftest.c >&5
configure:6276: $? = 0
configure:6290: result: yes
configure:6294: checking poll.h presence
configure:6309: gcc -E  conftest.c
configure:6315: $? = 0
configure:6329: result: yes
configure:6362: checking for poll.h
configure:6370: result: yes
configure:6378: checking for poll
configure:6434: gcc -o conftest  -O3 -mtune=i686  -DNDEBUG    conftest.c -lpthread  >&5
configure:6440: $? = 0
configure:6457: result: yes
configure:6500: checking sys/epoll.h usability
configure:6517: gcc -c  -O3 -mtune=i686  -DNDEBUG   conftest.c >&5
configure:6523: $? = 0
configure:6537: result: yes
configure:6541: checking sys/epoll.h presence
configure:6556: gcc -E  conftest.c
configure:6562: $? = 0
configure:6576: result: yes
configure:6609: checking for sys/epoll.h
configure:6617: result: yes
configure:6625: checking for epoll_create
configure:6681: gcc -o conftest  -O3 -mtune=i686  -DNDEBUG    conftest.c -lpthread  >&5
configure:6687: $? = 0
configure:6704: result: yes
configure:6827: ----------------------
configure:6829: poll method used: EPOLL
configure:6831: splice() enabled: no
configure:6833: stats    enabled: no
configure:6835: debug    enabled: no
configure:6837: CFLAGS =  -O3 -mtune=i686  -DNDEBUG  -Wall -Werror -DUSE_EPOLL 
configure:6839: ----------------------
configure:6986: creating ./config.status

## ---------------------- ##
## Running config.status. ##
## ---------------------- ##

This file was extended by glb config.status 0.7.3, which was
generated by GNU Autoconf 2.61.  Invocation command line was

  CONFIG_FILES    = 
  CONFIG_HEADERS  = 
  CONFIG_LINKS    = 
  CONFIG_COMMANDS = 
  $ ./config.status 

on timeline

config.status:664: creating Makefile
config.status:664: creating doc/Makefile
config.status:664: creating src/Makefile
config.status:664: creating config.h
config.status:957: executing depfiles commands

## ---------------- ##
## Cache variables. ##
## ---------------- ##

ac_cv_build=x86_64-unknown-linux-gnu
ac_cv_c_compiler_gnu=yes
ac_cv_c_const=yes
ac_cv_c_inline=inline
ac_cv_c_volatile=yes
ac_cv_cxx_compiler_gnu=yes
ac_cv_env_CCC_set=
ac_cv_env_CCC_value=
ac_cv_env_CC_set=
ac_cv_env_CC_value=
ac_cv_env_CFLAGS_set=
ac_cv_env_CFLAGS_value=
ac_cv_env_CPPFLAGS_set=
ac_cv_env_CPPFLAGS_value=
ac_cv_env_CPP_set=
ac_cv_env_CPP_value=
ac_cv_env_CXXFLAGS_set=
ac_cv_env_CXXFLAGS_value=
ac_cv_env_CXX_set=
ac_cv_env_CXX_value=
ac_cv_env_LDFLAGS_set=
ac_cv_env_LDFLAGS_value=
ac_cv_env_LIBS_set=
ac_cv_env_LIBS_value=
ac_cv_env_build_alias_set=
ac_cv_env_build_alias_value=
ac_cv_env_host_alias_set=
ac_cv_env_host_alias_value=
ac_cv_env_target_alias_set=
ac_cv_env_target_alias_value=
ac_cv_func_epoll_create=yes
ac_cv_func_gettimeofday=yes
ac_cv_func_malloc_0_nonnull=yes
ac_cv_func_memset=yes
ac_cv_func_poll=yes
ac_cv_func_realloc_0_nonnull=yes
ac_cv_func_strcasecmp=yes
ac_cv_func_strdup=yes
ac_cv_func_strncasecmp=yes
ac_cv_func_strtol=yes
ac_cv_header_inttypes_h=yes
ac_cv_header_memory_h=yes
ac_cv_header_poll_h=yes
ac_cv_header_stdbool_h=yes
ac_cv_header_stdc=yes
ac_cv_header_stdint_h=yes
ac_cv_header_stdlib_h=yes
ac_cv_header_string_h=yes
ac_cv_header_strings_h=yes
ac_cv_header_sys_epoll_h=yes
ac_cv_header_sys_stat_h=yes
ac_cv_header_sys_time_h=yes
ac_cv_header_sys_types_h=yes
ac_cv_header_time=yes
ac_cv_header_unistd_h=yes
ac_cv_host=x86_64-unknown-linux-gnu
ac_cv_lib_error_at_line=yes
ac_cv_lib_pthread_pthread_testcancel=yes
ac_cv_objext=o
ac_cv_path_EGREP='/bin/grep -E'
ac_cv_path_GREP=/bin/grep
ac_cv_path_install='/usr/bin/install -c'
ac_cv_path_mkdir=/bin/mkdir
ac_cv_prog_AWK=gawk
ac_cv_prog_CPP='gcc -E'
ac_cv_prog_ac_ct_CC=gcc
ac_cv_prog_ac_ct_CXX=g++
ac_cv_prog_cc_c89=
ac_cv_prog_cc_g=yes
ac_cv_prog_cxx_g=yes
ac_cv_prog_make_make_set=yes
ac_cv_target=x86_64-unknown-linux-gnu
ac_cv_type__Bool=yes
ac_cv_type_size_t=yes
am_cv_CC_dependencies_compiler_type=gcc3
am_cv_CXX_dependencies_compiler_type=gcc3

## ----------------- ##
## Output variables. ##
## ----------------- ##

ACLOCAL='${SHELL} /home/oc/Documents/Builds/glb-0.7.3/missing --run aclocal-1.10'
AMDEPBACKSLASH='\'
AMDEP_FALSE='#'
AMDEP_TRUE=''
AMTAR='${SHELL} /home/oc/Documents/Builds/glb-0.7.3/missing --run tar'
AUTOCONF='${SHELL} /home/oc/Documents/Builds/glb-0.7.3/missing --run autoconf'
AUTOHEADER='${SHELL} /home/oc/Documents/Builds/glb-0.7.3/missing --run autoheader'
AUTOMAKE='${SHELL} /home/oc/Documents/Builds/glb-0.7.3/missing --run automake-1.10'
AWK='gawk'
CC='gcc'
CCDEPMODE='depmode=gcc3'
CFLAGS=' -O3 -mtune=i686  -DNDEBUG  -Wall -Werror -DUSE_EPOLL '
CPP='gcc -E'
CPPFLAGS=''
CXX='g++'
CXXDEPMODE='depmode=gcc3'
CXXFLAGS='-g -O2'
CYGPATH_W='echo'
DEFS='-DHAVE_CONFIG_H'
DEPDIR='.deps'
ECHO_C=''
ECHO_N='-n'
ECHO_T=''
EGREP='/bin/grep -E'
ENABLE_DEBUG_FALSE=''
ENABLE_DEBUG_TRUE='#'
ENABLE_SPLICE_FALSE=''
ENABLE_SPLICE_TRUE='#'
ENABLE_STATS_FALSE=''
ENABLE_STATS_TRUE='#'
EXEEXT=''
GREP='/bin/grep'
INSTALL_DATA='${INSTALL} -m 644'
INSTALL_PROGRAM='${INSTALL}'
INSTALL_SCRIPT='${INSTALL}'
INSTALL_STRIP_PROGRAM='$(install_sh) -c -s'
LDFLAGS=''
LIBOBJS=''
LIBS='-lpthread '
LTLIBOBJS=''
MAKEINFO='${SHELL} /home/oc/Documents/Builds/glb-0.7.3/missing --run makeinfo'
OBJEXT='o'
PACKAGE='glb'
PACKAGE_BUGREPORT='info@codership.com'
PACKAGE_NAME='glb'
PACKAGE_STRING='glb 0.7.3'
PACKAGE_TARNAME='glb'
PACKAGE_VERSION='0.7.3'
PATH_SEPARATOR=':'
SET_MAKE=''
SHELL='/bin/bash'
STRIP=''
VERSION='0.7.3'
ac_ct_CC='gcc'
ac_ct_CXX='g++'
am__fastdepCC_FALSE='#'
am__fastdepCC_TRUE=''
am__fastdepCXX_FALSE='#'
am__fastdepCXX_TRUE=''
am__include='include'
am__isrc=''
am__leading_dot='.'
am__quote=''
am__tar='${AMTAR} chof - "$$tardir"'
am__untar='${AMTAR} xf -'
bindir='${exec_prefix}/bin'
build='x86_64-unknown-linux-gnu'
build_alias=''
build_cpu='x86_64'
build_os='linux-gnu'
build_vendor='unknown'
datadir='${datarootdir}'
datarootdir='${prefix}/share'
docdir='${datarootdir}/doc/${PACKAGE_TARNAME}'
dvidir='${docdir}'
exec_prefix='${prefix}'
host='x86_64-unknown-linux-gnu'
host_alias=''
host_cpu='x86_64'
host_os='linux-gnu'
host_vendor='unknown'
htmldir='${docdir}'
includedir='${prefix}/include'
infodir='${datarootdir}/info'
install_sh='$(SHELL) /home/oc/Documents/Builds/glb-0.7.3/install-sh'
libdir='${exec_prefix}/lib'
libexecdir='${exec_prefix}/libexec'
localedir='${datarootdir}/locale'
localstatedir='${prefix}/var'
mandir='${datarootdir}/man'
mkdir_p='/bin/mkdir -p'
oldincludedir='/usr/include'
pdfdir='${docdir}'
prefix='/usr/local'
program_transform_name='s,x,x,'
psdir='${docdir}'
sbindir='${exec_prefix}/sbin'
sharedstatedir='${prefix}/com'
sysconfdir='${prefix}/etc'
target='x86_64-unknown-linux-gnu'
target_alias=''
target_cpu='x86_64'
target_os='linux-gnu'
target_vendor='unknown'

## ----------- ##
## confdefs.h. ##
## ----------- ##

#define PACKAGE_NAME "glb"
#define PACKAGE_TARNAME "glb"
#define PACKAGE_VERSION "0.7.3"
#define PACKAGE_STRING "glb 0.7.3"
#define PACKAGE_BUGREPORT "info@codership.com"
#define PACKAGE "glb"
#define VERSION "0.7.3"
#define HAVE_LIBPTHREAD 1
#define STDC_HEADERS 1
#define HAVE_SYS_TYPES_H 1
#define HAVE_SYS_STAT_H 1
#define HAVE_STDLIB_H 1
#define HAVE_STRING_H 1
#define HAVE_MEMORY_H 1
#define HAVE_STRINGS_H 1
#define HAVE_INTTYPES_H 1
#define HAVE_STDINT_H 1
#define HAVE_UNISTD_H 1
#define HAVE_STRINGS_H 1
#define HAVE_SYS_TIME_H 1
#define HAVE_UNISTD_H 1
#define HAVE__BOOL 1
#define HAVE_STDBOOL_H 1
#define TIME_WITH_SYS_TIME 1
#define HAVE_STDLIB_H 1
#define HAVE_MALLOC 1
#define STDC_HEADERS 1
#define HAVE_STDLIB_H 1
#define HAVE_REALLOC 1
#define HAVE_GETTIMEOFDAY 1
#define HAVE_MEMSET 1
#define HAVE_STRDUP 1
#define HAVE_STRCASECMP 1
#define HAVE_STRNCASECMP 1
#define HAVE_STRTOL 1
#define HAVE_POLL_H 1
#define HAVE_SYS_EPOLL_H 1

configure: exit 0
